<?xml version="1.0" encoding="UTF-8"?>
<!-- Generated by org.testng.reporters.JUnitReportReporter -->
<testsuite hostname="DESKTOP-91HRFE0" failures="0" tests="2" name="Test.UsersPage" time="14.720" errors="0" timestamp="2022-09-01T10:29:13 IST" skipped="0">
  <testcase classname="Test.UsersPage" name="UserPageTest" time="8.713"/>
  <system-out/>
  <testcase classname="Test.UsersPage" name="AddAdminTest" time="6.007"/>
  <system-out/>
</testsuite> <!-- Test.UsersPage -->
