<?xml version="1.0" encoding="UTF-8"?>
<!-- Generated by org.testng.reporters.JUnitReportReporter -->
<testsuite hostname="DESKTOP-91HRFE0" failures="0" tests="6" name="Test.LoginPageTest" time="14.809" errors="0" timestamp="2022-12-01T12:53:59 IST" skipped="0">
  <testcase classname="Test.LoginPageTest" name="LoginPageLogo" time="2.112"/>
  <system-out/>
  <testcase classname="Test.LoginPageTest" name="forgetPasswordLink" time="0.547"/>
  <system-out/>
  <testcase classname="Test.LoginPageTest" name="LoginButtonDisplay" time="0.542"/>
  <system-out/>
  <testcase classname="Test.LoginPageTest" name="HiringTitleTest" time="0.009"/>
  <system-out/>
  <testcase classname="Test.LoginPageTest" name="UserPageTest" time="10.548"/>
  <system-out/>
  <testcase classname="Test.LoginPageTest" name="LogoTest" time="1.051"/>
  <system-out/>
</testsuite> <!-- Test.LoginPageTest -->
